Wed May 01 18:50:20 CDT 2019
MaxEnt version 3.4.1
Checking header of C:\Users\RV411\Desktop\Datos Xiphophorus\Coordenadas Xiphophorus\Shape cuenca rio panuco\capas M ascii format\bio14.asc
Checking header of C:\Users\RV411\Desktop\Datos Xiphophorus\Coordenadas Xiphophorus\Shape cuenca rio panuco\capas M ascii format\bio18.asc
Checking header of C:\Users\RV411\Desktop\Datos Xiphophorus\Coordenadas Xiphophorus\Shape cuenca rio panuco\capas M ascii format\bio3.asc
Checking header of C:\Users\RV411\Desktop\Datos Xiphophorus\Coordenadas Xiphophorus\Shape cuenca rio panuco\capas M ascii format\bio4.asc
Checking header of C:\Users\RV411\Desktop\Datos Xiphophorus\Coordenadas Xiphophorus\Shape cuenca rio panuco\capas M ascii format\bio7.asc
Checking header of C:\Users\RV411\Desktop\Datos Xiphophorus\Coordenadas Xiphophorus\Shape cuenca rio panuco\capas M ascii format\bio9.asc
Checking header of C:\Users\RV411\Desktop\Datos Xiphophorus\Coordenadas Xiphophorus\Shape cuenca rio panuco\capas M ascii format\distanciarios.asc
Checking header of C:\Users\RV411\Desktop\Datos Xiphophorus\Coordenadas Xiphophorus\Shape cuenca rio panuco\capas M ascii format\elevacion.asc
Checking header of C:\Users\RV411\Desktop\Datos Xiphophorus\Coordenadas Xiphophorus\Shape cuenca rio panuco\capas M ascii format\primaria.asc
Reading samples from Xiphophorus_continens.csv
Read samples: max memory 684195840, total allocated 254803968, free 107120512, used 147683456, increment 24192176
Extractor: max memory 684195840, total allocated 254803968, free 106414472, used 148389496, increment 706040
Extracting random background and sample data
121149 points with values for all grids
Adding samples to background in feature space
Command line used: 
Command line to repeat: java density.MaxEnt nowarnings noprefixes responsecurves jackknife "outputdirectory=C:\curso_ejerc\Resultadoscapaselevacion\Xiphophorus continens" samplesfile=C:\curso_ejerc\datos\Xiphophorus_continens.csv "environmentallayers=C:\Users\RV411\Desktop\Datos Xiphophorus\Coordenadas Xiphophorus\Shape cuenca rio panuco\capas M ascii format" nowarnings nowritemess randomtestpoints=20 writebackgroundpredictions addallsamplestobackground writeplotdata noextrapolate appendtoresultsfile
Species: Xiphophorus_continens
Layers: bio14 bio18 bio3 bio4 bio7 bio9 distanciarios elevacion primaria
Layertypes: Continuous Continuous Continuous Continuous Continuous Continuous Continuous Continuous Continuous
responsecurves: true
jackknife: true
outputdirectory: C:\curso_ejerc\Resultadoscapaselevacion\Xiphophorus continens
samplesfile: C:\curso_ejerc\datos\Xiphophorus_continens.csv
environmentallayers: C:\Users\RV411\Desktop\Datos Xiphophorus\Coordenadas Xiphophorus\Shape cuenca rio panuco\capas M ascii format
warnings: false
writemess: false
randomtestpoints: 20
writebackgroundpredictions: true
addallsamplestobackground: true
writeplotdata: true
extrapolate: false
appendtoresultsfile: true

Warning: Skipping Xiphophorus_continens because it has 0 test samples
Ending
