Wed May 01 18:58:37 CDT 2019
MaxEnt version 3.4.1
Checking header of C:\Users\RV411\Desktop\Datos Xiphophorus\Coordenadas Xiphophorus\Shape cuenca rio panuco\capas M ascii format\bio14.asc
Checking header of C:\Users\RV411\Desktop\Datos Xiphophorus\Coordenadas Xiphophorus\Shape cuenca rio panuco\capas M ascii format\bio18.asc
Checking header of C:\Users\RV411\Desktop\Datos Xiphophorus\Coordenadas Xiphophorus\Shape cuenca rio panuco\capas M ascii format\bio3.asc
Checking header of C:\Users\RV411\Desktop\Datos Xiphophorus\Coordenadas Xiphophorus\Shape cuenca rio panuco\capas M ascii format\bio4.asc
Checking header of C:\Users\RV411\Desktop\Datos Xiphophorus\Coordenadas Xiphophorus\Shape cuenca rio panuco\capas M ascii format\bio7.asc
Checking header of C:\Users\RV411\Desktop\Datos Xiphophorus\Coordenadas Xiphophorus\Shape cuenca rio panuco\capas M ascii format\bio9.asc
Checking header of C:\Users\RV411\Desktop\Datos Xiphophorus\Coordenadas Xiphophorus\Shape cuenca rio panuco\capas M ascii format\distanciarios.asc
Checking header of C:\Users\RV411\Desktop\Datos Xiphophorus\Coordenadas Xiphophorus\Shape cuenca rio panuco\capas M ascii format\elevacion.asc
Checking header of C:\Users\RV411\Desktop\Datos Xiphophorus\Coordenadas Xiphophorus\Shape cuenca rio panuco\capas M ascii format\primaria.asc
Reading samples from Xiphophorus_nezahualcoyotl.csv
Read samples: max memory 684195840, total allocated 221773824, free 50260776, used 171513048, increment 19754680
Extractor: max memory 684195840, total allocated 221773824, free 49725952, used 172047872, increment 534824
Extracting random background and sample data
121149 points with values for all grids
Adding samples to background in feature space
Command line used: 
Command line to repeat: java density.MaxEnt nowarnings noprefixes responsecurves jackknife "outputdirectory=C:\curso_ejerc\Resultadoscapaselevacion\Xiphophorus nezahualcoyotl" samplesfile=C:\curso_ejerc\datos\Xiphophorus_nezahualcoyotl.csv "environmentallayers=C:\Users\RV411\Desktop\Datos Xiphophorus\Coordenadas Xiphophorus\Shape cuenca rio panuco\capas M ascii format" nowarnings nowritemess randomtestpoints=20 writebackgroundpredictions addallsamplestobackground writeplotdata noextrapolate appendtoresultsfile
Species: Xiphophorus_nezahualcoyotl
Layers: bio14 bio18 bio3 bio4 bio7 bio9 distanciarios elevacion primaria
Layertypes: Continuous Continuous Continuous Continuous Continuous Continuous Continuous Continuous Continuous
responsecurves: true
jackknife: true
outputdirectory: C:\curso_ejerc\Resultadoscapaselevacion\Xiphophorus nezahualcoyotl
samplesfile: C:\curso_ejerc\datos\Xiphophorus_nezahualcoyotl.csv
environmentallayers: C:\Users\RV411\Desktop\Datos Xiphophorus\Coordenadas Xiphophorus\Shape cuenca rio panuco\capas M ascii format
warnings: false
writemess: false
randomtestpoints: 20
writebackgroundpredictions: true
addallsamplestobackground: true
writeplotdata: true
extrapolate: false
appendtoresultsfile: true

Warning: Skipping Xiphophorus_nezahualcoyotl because it has 0 test samples
Ending
